
<beans xmlns="http://www.springframework.org/schema/beans"
       xmlns:xsi="http://www.w3.org/2001/XMLSchema-instance"
       xmlns:context="http://www.springframework.org/schema/context"
       xsi:schemaLocation="http://www.springframework.org/schema/beans
                           http://www.springframework.org/schema/beans/spring-beans-3.2.xsd
                           http://www.springframework.org/schema/context
                           http://www.springframework.org/schema/context/spring-context-3.2.xsd">


    <!--<context:spring-configured />-->

    <context:component-scan base-package="com.butterfill.sqlrunner" />

    <bean id="dataSource" class="org.springframework.jdbc.datasource.DriverManagerDataSource">
        <property name="driverClassName" value="org.apache.derby.jdbc.ClientDriver" />
        <property name="url" value="jdbc:derby://localhost:1527/sqlrunner_test"/>
        <property name="username" value="sqlrunner_test"/>
        <property name="password" value="weak_pw"/>
    </bean>

    <bean class="com.butterfill.sqlrunner.SqlRunnerFactory">
        <property name="dataSource" ref="dataSource" />
        <property name="filePathPrefix" value="/derby/" />
    </bean>

</beans>
